<?xml version="1.0" encoding="UTF-8"?>
<testng-results skipped="0" failed="0" ignored="0" total="1" passed="1">
  <reporter-output>
  </reporter-output>
  <suite name="Default suite" duration-ms="57788" started-at="2019-10-04T12:58:55 CDT" finished-at="2019-10-04T12:59:53 CDT">
    <groups>
    </groups>
    <test name="Default test" duration-ms="57788" started-at="2019-10-04T12:58:55 CDT" finished-at="2019-10-04T12:59:53 CDT">
      <class name="com.training.sanity.tests.RTTC_041">
        <test-method status="PASS" signature="beforeTest()[pri:0, instance:com.training.sanity.tests.RTTC_041@3cef309d]" name="beforeTest" is-config="true" duration-ms="17" started-at="2019-10-04T12:58:55 CDT" finished-at="2019-10-04T12:58:55 CDT">
          <reporter-output>
          </reporter-output>
        </test-method> <!-- beforeTest -->
        <test-method status="PASS" signature="setUpBeforeClass()[pri:0, instance:com.training.sanity.tests.RTTC_041@3cef309d]" name="setUpBeforeClass" is-config="true" duration-ms="7" started-at="2019-10-04T12:58:55 CDT" finished-at="2019-10-04T12:58:55 CDT">
          <reporter-output>
          </reporter-output>
        </test-method> <!-- setUpBeforeClass -->
        <test-method status="PASS" signature="setUp()[pri:0, instance:com.training.sanity.tests.RTTC_041@3cef309d]" name="setUp" is-config="true" duration-ms="12321" started-at="2019-10-04T12:58:55 CDT" finished-at="2019-10-04T12:59:08 CDT">
          <reporter-output>
          </reporter-output>
        </test-method> <!-- setUp -->
        <test-method status="PASS" signature="f()[pri:0, instance:com.training.sanity.tests.RTTC_041@3cef309d]" name="f" duration-ms="45401" started-at="2019-10-04T12:59:08 CDT" finished-at="2019-10-04T12:59:53 CDT">
          <reporter-output>
          </reporter-output>
        </test-method> <!-- f -->
        <test-method status="PASS" signature="afterMethod()[pri:0, instance:com.training.sanity.tests.RTTC_041@3cef309d]" name="afterMethod" is-config="true" duration-ms="0" started-at="2019-10-04T12:59:53 CDT" finished-at="2019-10-04T12:59:53 CDT">
          <reporter-output>
          </reporter-output>
        </test-method> <!-- afterMethod -->
        <test-method status="PASS" signature="afterClass()[pri:0, instance:com.training.sanity.tests.RTTC_041@3cef309d]" name="afterClass" is-config="true" duration-ms="1" started-at="2019-10-04T12:59:53 CDT" finished-at="2019-10-04T12:59:53 CDT">
          <reporter-output>
          </reporter-output>
        </test-method> <!-- afterClass -->
        <test-method status="PASS" signature="afterTest()[pri:0, instance:com.training.sanity.tests.RTTC_041@3cef309d]" name="afterTest" is-config="true" duration-ms="0" started-at="2019-10-04T12:59:53 CDT" finished-at="2019-10-04T12:59:53 CDT">
          <reporter-output>
          </reporter-output>
        </test-method> <!-- afterTest -->
      </class> <!-- com.training.sanity.tests.RTTC_041 -->
    </test> <!-- Default test -->
  </suite> <!-- Default suite -->
</testng-results>
